\BOOKMARK [1][-]{section.1}{Acknowledgments}{}% 1
\BOOKMARK [1][-]{section.2}{Introduction}{}% 2
\BOOKMARK [2][-]{subsection.2.1}{Background}{section.2}% 3
\BOOKMARK [2][-]{subsection.2.2}{Appliances of Quantum Computing}{section.2}% 4
\BOOKMARK [2][-]{subsection.2.3}{Objectives}{section.2}% 5
\BOOKMARK [1][-]{section.3}{Elliptic and Hyperelliptic Curve Cryptography}{}% 6
\BOOKMARK [2][-]{subsection.3.1}{Discrete Logarithm Problem and Cryptography}{section.3}% 7
\BOOKMARK [2][-]{subsection.3.2}{Elliptic Curve Cryptography}{section.3}% 8
\BOOKMARK [3][-]{subsubsection.3.2.1}{Elliptic Curve Arithmetic}{subsection.3.2}% 9
\BOOKMARK [3][-]{subsubsection.3.2.2}{Adapting Elliptic Curve Arithmetic into a Cryptographic Function}{subsection.3.2}% 10
\BOOKMARK [2][-]{subsection.3.3}{Hyperelliptic Curve Cryptography}{section.3}% 11
\BOOKMARK [3][-]{subsubsection.3.3.1}{Hyperelliptic Curve Arithmetic}{subsection.3.3}% 12
\BOOKMARK [3][-]{subsubsection.3.3.2}{Adapting Hyperelliptic Curve Arithmetic into a Cryptographic Function}{subsection.3.3}% 13
\BOOKMARK [3][-]{subsubsection.3.3.3}{Performance of Hyperelliptic Curve Cryptosystems}{subsection.3.3}% 14
\BOOKMARK [2][-]{subsection.3.4}{Attacks against Discrete Logarithm Cryptography}{section.3}% 15
\BOOKMARK [1][-]{section.4}{Quantum Computing}{}% 16
\BOOKMARK [2][-]{subsection.4.1}{Properties of Quantum Computers}{section.4}% 17
\BOOKMARK [3][-]{subsubsection.4.1.1}{Qubits}{subsection.4.1}% 18
\BOOKMARK [3][-]{subsubsection.4.1.2}{Quantum States}{subsection.4.1}% 19
\BOOKMARK [3][-]{subsubsection.4.1.3}{Transformations on Quantum States}{subsection.4.1}% 20
\BOOKMARK [3][-]{subsubsection.4.1.4}{Entanglement}{subsection.4.1}% 21
\BOOKMARK [2][-]{subsection.4.2}{Quantum Logic Gates}{section.4}% 22
\BOOKMARK [3][-]{subsubsection.4.2.1}{Hadamard Transform}{subsection.4.2}% 23
\BOOKMARK [3][-]{subsubsection.4.2.2}{Phase Shift Gates}{subsection.4.2}% 24
\BOOKMARK [3][-]{subsubsection.4.2.3}{Quantum Circuits}{subsection.4.2}% 25
\BOOKMARK [2][-]{subsection.4.3}{Quantum Fourier Transform}{section.4}% 26
\BOOKMARK [3][-]{subsubsection.4.3.1}{Discrete Fourier Transform}{subsection.4.3}% 27
\BOOKMARK [3][-]{subsubsection.4.3.2}{Applying the Quantum Fourier Transform}{subsection.4.3}% 28
\BOOKMARK [3][-]{subsubsection.4.3.3}{Quantum Fourier Transform Circuit}{subsection.4.3}% 29
\BOOKMARK [2][-]{subsection.4.4}{Shor's Algorithms}{section.4}% 30
\BOOKMARK [3][-]{subsubsection.4.4.1}{Shor's Algorithm for Prime Factorisation}{subsection.4.4}% 31
\BOOKMARK [3][-]{subsubsection.4.4.2}{Phase Estimation}{subsection.4.4}% 32
\BOOKMARK [3][-]{subsubsection.4.4.3}{Quantum Circuit for Prime Factorisation}{subsection.4.4}% 33
\BOOKMARK [3][-]{subsubsection.4.4.4}{Example of Factorisation Using Shor's Algorithm}{subsection.4.4}% 34
\BOOKMARK [3][-]{subsubsection.4.4.5}{Shor's Algorithm for Discrete Logarithms}{subsection.4.4}% 35
\BOOKMARK [3][-]{subsubsection.4.4.6}{Quantum Circuit for Discrete Logarithms}{subsection.4.4}% 36
\BOOKMARK [2][-]{subsection.4.5}{Shor's Algorithm Adapted for the Elliptic and Hyperelliptic Curve Discrete Logarithm Problem}{section.4}% 37
\BOOKMARK [1][-]{section.5}{Methods}{}% 38
\BOOKMARK [1][-]{section.6}{Results}{}% 39
\BOOKMARK [1][-]{section.7}{Discussion}{}% 40
\BOOKMARK [1][-]{section.8}{Conclusions}{}% 41
\BOOKMARK [1][-]{section.9}{Recommendations}{}% 42
\BOOKMARK [1][-]{section.10}{References}{}% 43
\BOOKMARK [1][-]{section.11}{Appendices}{}% 44
